2025-06-24T21:40:13.430Z - DAI: E11000 duplicate key error collection: smartmoney.market_overviews index: symbol_1 dup key: { symbol: null }
2025-06-24T21:41:05.407Z - PI: E11000 duplicate key error collection: smartmoney.market_overviews index: symbol_1 dup key: { symbol: null }
2025-06-24T21:41:57.416Z - OKB: E11000 duplicate key error collection: smartmoney.market_overviews index: symbol_1 dup key: { symbol: null }
2025-06-24T21:43:02.455Z - USD1: E11000 duplicate key error collection: smartmoney.market_overviews index: symbol_1 dup key: { symbol: null }
2025-06-24T21:47:09.642Z - QNT: E11000 duplicate key error collection: smartmoney.market_overviews index: symbol_1 dup key: { symbol: null }
2025-06-24T21:48:40.651Z - STX: E11000 duplicate key error collection: smartmoney.market_overviews index: symbol_1 dup key: { symbol: null }
2025-06-24T21:49:32.678Z - PYUSD: E11000 duplicate key error collection: smartmoney.market_overviews index: symbol_1 dup key: { symbol: null }
2025-06-24T21:50:52.127Z - XAUt: E11000 duplicate key error collection: smartmoney.market_overviews index: symbol_1 dup key: { symbol: null }
2025-06-24T21:52:54.766Z - THETA: E11000 duplicate key error collection: smartmoney.market_overviews index: symbol_1 dup key: { symbol: null }
2025-06-24T21:53:00.569Z - JASMY: E11000 duplicate key error collection: smartmoney.market_overviews index: symbol_1 dup key: { symbol: null }
2025-06-24T21:53:13.584Z - AB: E11000 duplicate key error collection: smartmoney.market_overviews index: symbol_1 dup key: { symbol: null }
2025-06-24T21:54:06.678Z - IOTA: E11000 duplicate key error collection: smartmoney.market_overviews index: symbol_1 dup key: { symbol: null }
2025-06-24T21:55:10.850Z - DEXE: E11000 duplicate key error collection: smartmoney.market_overviews index: symbol_1 dup key: { symbol: null }
2025-06-24T21:55:26.023Z - BTT: E11000 duplicate key error collection: smartmoney.market_overviews index: symbol_1 dup key: { symbol: null }
2025-06-24T21:55:56.734Z - WAL: E11000 duplicate key error collection: smartmoney.market_overviews index: symbol_1 dup key: { symbol: null }
2025-06-24T21:56:04.214Z - XTZ: E11000 duplicate key error collection: smartmoney.market_overviews index: symbol_1 dup key: { symbol: null }
2025-06-24T21:56:25.902Z - PYTH: E11000 duplicate key error collection: smartmoney.market_overviews index: symbol_1 dup key: { symbol: null }
2025-06-24T21:56:42.107Z - FLOW: E11000 duplicate key error collection: smartmoney.market_overviews index: symbol_1 dup key: { symbol: null }
2025-06-24T21:57:08.267Z - TUSD: E11000 duplicate key error collection: smartmoney.market_overviews index: symbol_1 dup key: { symbol: null }
2025-06-24T21:57:21.007Z - XCN: E11000 duplicate key error collection: smartmoney.market_overviews index: symbol_1 dup key: { symbol: null }
2025-06-24T21:58:25.170Z - DEEP: E11000 duplicate key error collection: smartmoney.market_overviews index: symbol_1 dup key: { symbol: null }
2025-06-24T21:58:51.837Z - NFT: E11000 duplicate key error collection: smartmoney.market_overviews index: symbol_1 dup key: { symbol: null }
2025-06-24T21:59:17.893Z - RSR: E11000 duplicate key error collection: smartmoney.market_overviews index: symbol_1 dup key: { symbol: null }
2025-06-24T21:59:30.973Z - STRK: E11000 duplicate key error collection: smartmoney.market_overviews index: symbol_1 dup key: { symbol: null }
2025-06-24T21:59:58.667Z - SUPER: E11000 duplicate key error collection: smartmoney.market_overviews index: symbol_1 dup key: { symbol: null }
2025-06-24T21:59:59.543Z - AXS: E11000 duplicate key error collection: smartmoney.market_overviews index: symbol_1 dup key: { symbol: null }
2025-06-24T22:00:09.764Z - DOG: E11000 duplicate key error collection: smartmoney.market_overviews index: symbol_1 dup key: { symbol: null }
2025-06-24T22:00:35.842Z - CFX: E11000 duplicate key error collection: smartmoney.market_overviews index: symbol_1 dup key: { symbol: null }
2025-06-24T22:01:16.516Z - ZBCN: E11000 duplicate key error collection: smartmoney.market_overviews index: symbol_1 dup key: { symbol: null }
2025-06-24T22:01:53.805Z - CHZ: E11000 duplicate key error collection: smartmoney.market_overviews index: symbol_1 dup key: { symbol: null }
2025-06-24T22:02:19.918Z - ZK: E11000 duplicate key error collection: smartmoney.market_overviews index: symbol_1 dup key: { symbol: null }
2025-06-24T22:02:33.021Z - SUN: E11000 duplicate key error collection: smartmoney.market_overviews index: symbol_1 dup key: { symbol: null }
2025-06-24T22:03:38.080Z - BEAM: E11000 duplicate key error collection: smartmoney.market_overviews index: symbol_1 dup key: { symbol: null }
